<?xml version="1.0" encoding="UTF-8"?>
<testsuite xmlns:xsi="http://www.w3.org/2001/XMLSchema-instance" xsi:noNamespaceSchemaLocation="https://maven.apache.org/surefire/maven-surefire-plugin/xsd/surefire-test-report.xsd" name="numberrangesummarizer.unitTest" time="0.129" tests="7" errors="0" skipped="0" failures="3">
  <properties>
    <property name="sun.desktop" value="windows"/>
    <property name="awt.toolkit" value="sun.awt.windows.WToolkit"/>
    <property name="java.specification.version" value="11"/>
    <property name="sun.cpu.isalist" value="amd64"/>
    <property name="sun.jnu.encoding" value="Cp1252"/>
    <property name="java.class.path" value="C:\javacode4\numberrangesummarizer\target\test-classes;C:\javacode4\numberrangesummarizer\target\classes;C:\Users\Private\.m2\repository\junit\junit\4.11\junit-4.11.jar;C:\Users\Private\.m2\repository\org\hamcrest\hamcrest-core\1.3\hamcrest-core-1.3.jar;"/>
    <property name="java.vm.vendor" value="AdoptOpenJDK"/>
    <property name="sun.arch.data.model" value="64"/>
    <property name="user.variant" value=""/>
    <property name="java.vendor.url" value="https://adoptopenjdk.net/"/>
    <property name="user.timezone" value="Africa/Harare"/>
    <property name="java.vm.specification.version" value="11"/>
    <property name="os.name" value="Windows 10"/>
    <property name="sun.java.launcher" value="SUN_STANDARD"/>
    <property name="user.country" value="ZA"/>
    <property name="sun.boot.library.path" value="C:\Users\Private\AppData\Local\Programs\AdoptOpenJDK\jdk-11.0.10.9-hotspot\bin"/>
    <property name="sun.java.command" value="C:\Users\Private\AppData\Local\Temp\surefire163368655360607571\surefirebooter13997062807343696159.jar C:\Users\Private\AppData\Local\Temp\surefire163368655360607571 2021-03-02T20-09-02_805-jvmRun1 surefire4544238822815044715tmp surefire_01941474536897984224tmp"/>
    <property name="jdk.debug" value="release"/>
    <property name="surefire.test.class.path" value="C:\javacode4\numberrangesummarizer\target\test-classes;C:\javacode4\numberrangesummarizer\target\classes;C:\Users\Private\.m2\repository\junit\junit\4.11\junit-4.11.jar;C:\Users\Private\.m2\repository\org\hamcrest\hamcrest-core\1.3\hamcrest-core-1.3.jar;"/>
    <property name="sun.cpu.endian" value="little"/>
    <property name="user.home" value="C:\Users\Private"/>
    <property name="user.language" value="en"/>
    <property name="java.specification.vendor" value="Oracle Corporation"/>
    <property name="java.version.date" value="2021-01-19"/>
    <property name="java.home" value="C:\Users\Private\AppData\Local\Programs\AdoptOpenJDK\jdk-11.0.10.9-hotspot"/>
    <property name="file.separator" value="\"/>
    <property name="basedir" value="C:\javacode4\numberrangesummarizer"/>
    <property name="java.vm.compressedOopsMode" value="32-bit"/>
    <property name="line.separator" value="&#10;"/>
    <property name="java.specification.name" value="Java Platform API Specification"/>
    <property name="java.vm.specification.vendor" value="Oracle Corporation"/>
    <property name="java.awt.graphicsenv" value="sun.awt.Win32GraphicsEnvironment"/>
    <property name="surefire.real.class.path" value="C:\Users\Private\AppData\Local\Temp\surefire163368655360607571\surefirebooter13997062807343696159.jar"/>
    <property name="user.script" value=""/>
    <property name="sun.management.compiler" value="HotSpot 64-Bit Tiered Compilers"/>
    <property name="java.runtime.version" value="11.0.10+9"/>
    <property name="user.name" value="Private"/>
    <property name="path.separator" value=";"/>
    <property name="os.version" value="10.0"/>
    <property name="java.runtime.name" value="OpenJDK Runtime Environment"/>
    <property name="file.encoding" value="Cp1252"/>
    <property name="java.vm.name" value="OpenJDK 64-Bit Server VM"/>
    <property name="java.vendor.version" value="AdoptOpenJDK"/>
    <property name="localRepository" value="C:\Users\Private\.m2\repository"/>
    <property name="java.vendor.url.bug" value="https://github.com/AdoptOpenJDK/openjdk-support/issues"/>
    <property name="java.io.tmpdir" value="C:\Users\Private\AppData\Local\Temp\"/>
    <property name="java.version" value="11.0.10"/>
    <property name="user.dir" value="C:\javacode4\numberrangesummarizer"/>
    <property name="os.arch" value="amd64"/>
    <property name="java.vm.specification.name" value="Java Virtual Machine Specification"/>
    <property name="java.awt.printerjob" value="sun.awt.windows.WPrinterJob"/>
    <property name="sun.os.patch.level" value=""/>
    <property name="java.library.path" value="C:\Users\Private\AppData\Local\Programs\AdoptOpenJDK\jdk-11.0.10.9-hotspot\bin;C:\WINDOWS\Sun\Java\bin;C:\WINDOWS\system32;C:\WINDOWS;C:\Python39\Scripts\;C:\Python39\;C:\WINDOWS\system32;C:\WINDOWS;C:\WINDOWS\System32\Wbem;C:\WINDOWS\System32\WindowsPowerShell\v1.0\;C:\WINDOWS\System32\OpenSSH\;C:\ProgramData\chocolatey\bin;C:\Program Files\nodejs\;C:\Program Files\OpenJDK\openjdk-8u282-b08\bin;C:\Program Files\Git\cmd;C:\Users\Private\AppData\Local\Programs\AdoptOpenJDK\jdk-11.0.10.9-hotspot\bin;C:\Users\Private\AppData\Local\Microsoft\WindowsApps;C:\Users\Private\AppData\Roaming\npm;C:\Users\Private\AppData\Local\Programs\Microsoft VS Code\bin;C:\Program Files\nodejs\node_modules\npm;C:\Program Files\apache-maven-3.6.3\bin;;."/>
    <property name="java.vm.info" value="mixed mode"/>
    <property name="java.vendor" value="AdoptOpenJDK"/>
    <property name="java.vm.version" value="11.0.10+9"/>
    <property name="sun.io.unicode.encoding" value="UnicodeLittle"/>
    <property name="java.class.version" value="55.0"/>
  </properties>
  <testcase name="junitWorking" classname="numberrangesummarizer.unitTest" time="0.005"/>
  <testcase name="one" classname="numberrangesummarizer.unitTest" time="0.021"/>
  <testcase name="six" classname="numberrangesummarizer.unitTest" time="0.01">
    <failure type="java.lang.AssertionError">java.lang.AssertionError
	at numberrangesummarizer.unitTest.six(unitTest.java:89)
</failure>
  </testcase>
  <testcase name="two" classname="numberrangesummarizer.unitTest" time="0.002">
    <failure message="expected:&lt;[-4, ]1:3, 8:10, 12, 20&gt; but was:&lt;[]1:3, 8:10, 12, 20&gt;" type="org.junit.ComparisonFailure"><![CDATA[org.junit.ComparisonFailure: expected:<[-4, ]1:3, 8:10, 12, 20> but was:<[]1:3, 8:10, 12, 20>
	at numberrangesummarizer.unitTest.two(unitTest.java:35)
]]></failure>
  </testcase>
  <testcase name="five" classname="numberrangesummarizer.unitTest" time="0"/>
  <testcase name="four" classname="numberrangesummarizer.unitTest" time="0.002">
    <failure message="expected:&lt;[-3:-1, ]1:3&gt; but was:&lt;[]1:3&gt;" type="org.junit.ComparisonFailure"><![CDATA[org.junit.ComparisonFailure: expected:<[-3:-1, ]1:3> but was:<[]1:3>
	at numberrangesummarizer.unitTest.four(unitTest.java:59)
]]></failure>
  </testcase>
  <testcase name="three" classname="numberrangesummarizer.unitTest" time="0"/>
</testsuite>