<?xml version="1.0" encoding="UTF-8"?>
<testsuite xmlns:xsi="http://www.w3.org/2001/XMLSchema-instance" xsi:noNamespaceSchemaLocation="https://maven.apache.org/surefire/maven-surefire-plugin/xsd/surefire-test-report.xsd" name="numberrangesummarizer.unitTest" time="0.108" tests="7" errors="0" skipped="0" failures="0">
  <properties>
[...]
</properties>
  <testcase name="junitWorking" classname="numberrangesummarizer.unitTest" time="0.004"/>
  <testcase name="one" classname="numberrangesummarizer.unitTest" time="0.008"/>
  <testcase name="six" classname="numberrangesummarizer.unitTest" time="0.001"/>
  <testcase name="two" classname="numberrangesummarizer.unitTest" time="0.001"/>
  <testcase name="five" classname="numberrangesummarizer.unitTest" time="0.001"/>
  <testcase name="four" classname="numberrangesummarizer.unitTest" time="0.002"/>
  <testcase name="three" classname="numberrangesummarizer.unitTest" time="0.001"/>
</testsuite>